{"uuid":"2c568f37-40a3-4756-aa10-5b7bc4f1ae51","historyId":"723948d7deac91de44c75827cdf06df9","fullName":"com.testcases.TC_01_Verify_HomePage_UI.verify_photos_art_links","labels":[{"name":"package","value":"com.testcases.TC_01_Verify_HomePage_UI"},{"name":"testClass","value":"com.testcases.TC_01_Verify_HomePage_UI"},{"name":"testMethod","value":"verify_photos_art_links"},{"name":"parentSuite","value":"Default Suite"},{"name":"suite","value":"ABS-CBN_IMP_PUSH_Web_Automation"},{"name":"subSuite","value":"com.testcases.TC_01_Verify_HomePage_UI"},{"name":"host","value":"DESKTOP-0C0DNC1"},{"name":"thread","value":"19732@DESKTOP-0C0DNC1.main(1)"},{"name":"framework","value":"testng"},{"name":"language","value":"java"}],"links":[],"name":"verify_photos_art_links","status":"failed","statusDetails":{"known":false,"muted":false,"flaky":false,"message":"Articles links is not clickable/available in Photos section on the Home expected [true] but found [false]","trace":"java.lang.AssertionError: Articles links is not clickable/available in Photos section on the Home expected [true] but found [false]\r\n\tat org.testng.Assert.fail(Assert.java:110)\r\n\tat org.testng.Assert.failNotEquals(Assert.java:1413)\r\n\tat org.testng.Assert.assertEqualsImpl(Assert.java:149)\r\n\tat org.testng.Assert.assertEquals(Assert.java:131)\r\n\tat org.testng.Assert.assertEquals(Assert.java:976)\r\n\tat com.genericmethods.GenericMethods.availableElement(GenericMethods.java:117)\r\n\tat com.applicationpages.HomePage.Verify_photos_art_links(HomePage.java:257)\r\n\tat com.testcases.TC_01_Verify_HomePage_UI.verify_photos_art_links(TC_01_Verify_HomePage_UI.java:155)\r\n\tat java.base/jdk.internal.reflect.NativeMethodAccessorImpl.invoke0(Native Method)\r\n\tat java.base/jdk.internal.reflect.NativeMethodAccessorImpl.invoke(NativeMethodAccessorImpl.java:77)\r\n\tat java.base/jdk.internal.reflect.DelegatingMethodAccessorImpl.invoke(DelegatingMethodAccessorImpl.java:43)\r\n\tat java.base/java.lang.reflect.Method.invoke(Method.java:568)\r\n\tat org.testng.internal.invokers.MethodInvocationHelper.invokeMethod(MethodInvocationHelper.java:139)\r\n\tat org.testng.internal.invokers.TestInvoker.invokeMethod(TestInvoker.java:677)\r\n\tat org.testng.internal.invokers.TestInvoker.invokeTestMethod(TestInvoker.java:221)\r\n\tat org.testng.internal.invokers.MethodRunner.runInSequence(MethodRunner.java:50)\r\n\tat org.testng.internal.invokers.TestInvoker$MethodInvocationAgent.invoke(TestInvoker.java:962)\r\n\tat org.testng.internal.invokers.TestInvoker.invokeTestMethods(TestInvoker.java:194)\r\n\tat org.testng.internal.invokers.TestMethodWorker.invokeTestMethods(TestMethodWorker.java:148)\r\n\tat org.testng.internal.invokers.TestMethodWorker.run(TestMethodWorker.java:128)\r\n\tat java.base/java.util.ArrayList.forEach(ArrayList.java:1511)\r\n\tat org.testng.TestRunner.privateRun(TestRunner.java:806)\r\n\tat org.testng.TestRunner.run(TestRunner.java:601)\r\n\tat org.testng.SuiteRunner.runTest(SuiteRunner.java:433)\r\n\tat org.testng.SuiteRunner.runSequentially(SuiteRunner.java:427)\r\n\tat org.testng.SuiteRunner.privateRun(SuiteRunner.java:387)\r\n\tat org.testng.SuiteRunner.run(SuiteRunner.java:330)\r\n\tat org.testng.SuiteRunnerWorker.runSuite(SuiteRunnerWorker.java:52)\r\n\tat org.testng.SuiteRunnerWorker.run(SuiteRunnerWorker.java:95)\r\n\tat org.testng.TestNG.runSuitesSequentially(TestNG.java:1256)\r\n\tat org.testng.TestNG.runSuitesLocally(TestNG.java:1176)\r\n\tat org.testng.TestNG.runSuites(TestNG.java:1099)\r\n\tat org.testng.TestNG.run(TestNG.java:1067)\r\n\tat com.intellij.rt.testng.IDEARemoteTestNG.run(IDEARemoteTestNG.java:66)\r\n\tat com.intellij.rt.testng.RemoteTestNGStarter.main(RemoteTestNGStarter.java:105)\r\n"},"stage":"finished","description":"Verification for availability of Photos sub section article with link on the home page","steps":[{"name":"Verifying the Articles links element in Photos section section on the Home page","status":"failed","statusDetails":{"known":false,"muted":false,"flaky":false,"message":"Articles links is not clickable/available in Photos section on the Home expected [true] but found [false]","trace":"java.lang.AssertionError: Articles links is not clickable/available in Photos section on the Home expected [true] but found [false]\r\n\tat org.testng.Assert.fail(Assert.java:110)\r\n\tat org.testng.Assert.failNotEquals(Assert.java:1413)\r\n\tat org.testng.Assert.assertEqualsImpl(Assert.java:149)\r\n\tat org.testng.Assert.assertEquals(Assert.java:131)\r\n\tat org.testng.Assert.assertEquals(Assert.java:976)\r\n\tat com.genericmethods.GenericMethods.availableElement(GenericMethods.java:117)\r\n\tat com.applicationpages.HomePage.Verify_photos_art_links(HomePage.java:257)\r\n\tat com.testcases.TC_01_Verify_HomePage_UI.verify_photos_art_links(TC_01_Verify_HomePage_UI.java:155)\r\n\tat java.base/jdk.internal.reflect.NativeMethodAccessorImpl.invoke0(Native Method)\r\n\tat java.base/jdk.internal.reflect.NativeMethodAccessorImpl.invoke(NativeMethodAccessorImpl.java:77)\r\n\tat java.base/jdk.internal.reflect.DelegatingMethodAccessorImpl.invoke(DelegatingMethodAccessorImpl.java:43)\r\n\tat java.base/java.lang.reflect.Method.invoke(Method.java:568)\r\n\tat org.testng.internal.invokers.MethodInvocationHelper.invokeMethod(MethodInvocationHelper.java:139)\r\n\tat org.testng.internal.invokers.TestInvoker.invokeMethod(TestInvoker.java:677)\r\n\tat org.testng.internal.invokers.TestInvoker.invokeTestMethod(TestInvoker.java:221)\r\n\tat org.testng.internal.invokers.MethodRunner.runInSequence(MethodRunner.java:50)\r\n\tat org.testng.internal.invokers.TestInvoker$MethodInvocationAgent.invoke(TestInvoker.java:962)\r\n\tat org.testng.internal.invokers.TestInvoker.invokeTestMethods(TestInvoker.java:194)\r\n\tat org.testng.internal.invokers.TestMethodWorker.invokeTestMethods(TestMethodWorker.java:148)\r\n\tat org.testng.internal.invokers.TestMethodWorker.run(TestMethodWorker.java:128)\r\n\tat java.base/java.util.ArrayList.forEach(ArrayList.java:1511)\r\n\tat org.testng.TestRunner.privateRun(TestRunner.java:806)\r\n\tat org.testng.TestRunner.run(TestRunner.java:601)\r\n\tat org.testng.SuiteRunner.runTest(SuiteRunner.java:433)\r\n\tat org.testng.SuiteRunner.runSequentially(SuiteRunner.java:427)\r\n\tat org.testng.SuiteRunner.privateRun(SuiteRunner.java:387)\r\n\tat org.testng.SuiteRunner.run(SuiteRunner.java:330)\r\n\tat org.testng.SuiteRunnerWorker.runSuite(SuiteRunnerWorker.java:52)\r\n\tat org.testng.SuiteRunnerWorker.run(SuiteRunnerWorker.java:95)\r\n\tat org.testng.TestNG.runSuitesSequentially(TestNG.java:1256)\r\n\tat org.testng.TestNG.runSuitesLocally(TestNG.java:1176)\r\n\tat org.testng.TestNG.runSuites(TestNG.java:1099)\r\n\tat org.testng.TestNG.run(TestNG.java:1067)\r\n\tat com.intellij.rt.testng.IDEARemoteTestNG.run(IDEARemoteTestNG.java:66)\r\n\tat com.intellij.rt.testng.RemoteTestNGStarter.main(RemoteTestNGStarter.java:105)\r\n"},"stage":"finished","steps":[],"attachments":[{"name":"Page screenshot","source":"002fd48d-3cf6-4519-95c6-62fc7bb0e437-attachment","type":"image/png"}],"parameters":[{"name":"pageName","value":"Home"},{"name":"section","value":"Photos section"},{"name":"elementName","value":"Articles links"},{"name":"element","value":"Proxy element for: DefaultElementLocator 'By.xpath: //a[@class='MuiTypography-root MuiTypography-inherit MuiLink-root MuiLink-underlineNone css-1cnbq4a']//div[contains(@class,'MuiTypography-root MuiTypography-h5 MuiTypography-gutterBottom css')]'"}],"start":1689072670448,"stop":1689072681237}],"attachments":[],"parameters":[],"start":1689072665394,"stop":1689072681238}